  score.cpp
  number.cpp
  コードを生成中...
  コンパイル中...
  title.cpp
  timercount.cpp
  stage.cpp
  shadow.cpp
  scene2D.cpp
  scene.cpp
  result.cpp
  renderer.cpp
  ranking.cpp
  player.cpp
  playdata.cpp
  pause.cpp
  model_spawner.cpp
  model.cpp
  meshsphere.cpp
  meshfield.cpp
  meshcylinder.cpp
  manager.cpp
  light.cpp
  game.cpp
  コードを生成中...
  コンパイル中...
  field.cpp
  fade.cpp
  effect_blast.cpp
  effect.cpp
  control_zoom.cpp
  control_throw.cpp
  control_spread.cpp
  control_rise.cpp
  control_fade.cpp
  control_blink.cpp
  camera.cpp
  billboard.cpp
  bg.cpp
  XInput.cpp
c:\users\oc\desktop\翼のgit\job_hunting\2022年4月11日～\bombercleaner\xinput.cpp(58): warning C4800: 'int': ブール値を 'true' または 'false' に強制的に設定します (警告の処理)
  Ui.cpp
  Target.cpp
  Scene3D.cpp
  BombSpawner.cpp
  Bomb.cpp
  コードを生成中...
  BomberCleaner.vcxproj -> C:\Users\OC\Desktop\翼のgit\Job_Hunting\2022年4月11日～\BomberCleaner\Debug\BomberCleaner.exe
  BomberCleaner.vcxproj -> C:\Users\OC\Desktop\翼のgit\Job_Hunting\2022年4月11日～\BomberCleaner\Debug\BomberCleaner.pdb (Full PDB)
