c:\users\oc\desktop\翼のgit\job_hunting\2022年6月1日～\新しいゲーム\release\bg.obj
c:\users\oc\desktop\翼のgit\job_hunting\2022年6月1日～\新しいゲーム\release\billboard.obj
c:\users\oc\desktop\翼のgit\job_hunting\2022年6月1日～\新しいゲーム\release\bomb.obj
c:\users\oc\desktop\翼のgit\job_hunting\2022年6月1日～\新しいゲーム\release\bombspawner.obj
c:\users\oc\desktop\翼のgit\job_hunting\2022年6月1日～\新しいゲーム\release\camera.obj
c:\users\oc\desktop\翼のgit\job_hunting\2022年6月1日～\新しいゲーム\release\control.obj
c:\users\oc\desktop\翼のgit\job_hunting\2022年6月1日～\新しいゲーム\release\control_blink.obj
c:\users\oc\desktop\翼のgit\job_hunting\2022年6月1日～\新しいゲーム\release\control_fade.obj
c:\users\oc\desktop\翼のgit\job_hunting\2022年6月1日～\新しいゲーム\release\control_rise.obj
c:\users\oc\desktop\翼のgit\job_hunting\2022年6月1日～\新しいゲーム\release\control_spread.obj
c:\users\oc\desktop\翼のgit\job_hunting\2022年6月1日～\新しいゲーム\release\control_throw.obj
c:\users\oc\desktop\翼のgit\job_hunting\2022年6月1日～\新しいゲーム\release\control_zoom.obj
c:\users\oc\desktop\翼のgit\job_hunting\2022年6月1日～\新しいゲーム\release\directinput.obj
c:\users\oc\desktop\翼のgit\job_hunting\2022年6月1日～\新しいゲーム\release\effect.obj
c:\users\oc\desktop\翼のgit\job_hunting\2022年6月1日～\新しいゲーム\release\effect_blast.obj
c:\users\oc\desktop\翼のgit\job_hunting\2022年6月1日～\新しいゲーム\release\fade.obj
c:\users\oc\desktop\翼のgit\job_hunting\2022年6月1日～\新しいゲーム\release\field.obj
c:\users\oc\desktop\翼のgit\job_hunting\2022年6月1日～\新しいゲーム\release\game.obj
c:\users\oc\desktop\翼のgit\job_hunting\2022年6月1日～\新しいゲーム\release\input.obj
c:\users\oc\desktop\翼のgit\job_hunting\2022年6月1日～\新しいゲーム\release\keyboard.obj
c:\users\oc\desktop\翼のgit\job_hunting\2022年6月1日～\新しいゲーム\release\light.obj
c:\users\oc\desktop\翼のgit\job_hunting\2022年6月1日～\新しいゲーム\release\loadx.obj
c:\users\oc\desktop\翼のgit\job_hunting\2022年6月1日～\新しいゲーム\release\main.obj
c:\users\oc\desktop\翼のgit\job_hunting\2022年6月1日～\新しいゲーム\release\manager.obj
c:\users\oc\desktop\翼のgit\job_hunting\2022年6月1日～\新しいゲーム\release\mesh.obj
c:\users\oc\desktop\翼のgit\job_hunting\2022年6月1日～\新しいゲーム\release\meshcylinder.obj
c:\users\oc\desktop\翼のgit\job_hunting\2022年6月1日～\新しいゲーム\release\meshfield.obj
c:\users\oc\desktop\翼のgit\job_hunting\2022年6月1日～\新しいゲーム\release\meshsphere.obj
c:\users\oc\desktop\翼のgit\job_hunting\2022年6月1日～\新しいゲーム\release\model.obj
c:\users\oc\desktop\翼のgit\job_hunting\2022年6月1日～\新しいゲーム\release\model_spawner.obj
c:\users\oc\desktop\翼のgit\job_hunting\2022年6月1日～\新しいゲーム\release\number.obj
c:\users\oc\desktop\翼のgit\job_hunting\2022年6月1日～\新しいゲーム\release\pause.obj
c:\users\oc\desktop\翼のgit\job_hunting\2022年6月1日～\新しいゲーム\release\playdata.obj
c:\users\oc\desktop\翼のgit\job_hunting\2022年6月1日～\新しいゲーム\release\player.obj
c:\users\oc\desktop\翼のgit\job_hunting\2022年6月1日～\新しいゲーム\release\ranking.obj
c:\users\oc\desktop\翼のgit\job_hunting\2022年6月1日～\新しいゲーム\release\renderer.obj
c:\users\oc\desktop\翼のgit\job_hunting\2022年6月1日～\新しいゲーム\release\result.obj
c:\users\oc\desktop\翼のgit\job_hunting\2022年6月1日～\新しいゲーム\release\scene.obj
c:\users\oc\desktop\翼のgit\job_hunting\2022年6月1日～\新しいゲーム\release\scene2d.obj
c:\users\oc\desktop\翼のgit\job_hunting\2022年6月1日～\新しいゲーム\release\scene3d.obj
c:\users\oc\desktop\翼のgit\job_hunting\2022年6月1日～\新しいゲーム\release\score.obj
c:\users\oc\desktop\翼のgit\job_hunting\2022年6月1日～\新しいゲーム\release\shadow.obj
c:\users\oc\desktop\翼のgit\job_hunting\2022年6月1日～\新しいゲーム\release\stage.obj
c:\users\oc\desktop\翼のgit\job_hunting\2022年6月1日～\新しいゲーム\release\target.obj
c:\users\oc\desktop\翼のgit\job_hunting\2022年6月1日～\新しいゲーム\release\texture.obj
c:\users\oc\desktop\翼のgit\job_hunting\2022年6月1日～\新しいゲーム\release\timercount.obj
c:\users\oc\desktop\翼のgit\job_hunting\2022年6月1日～\新しいゲーム\release\title.obj
c:\users\oc\desktop\翼のgit\job_hunting\2022年6月1日～\新しいゲーム\release\ui.obj
c:\users\oc\desktop\翼のgit\job_hunting\2022年6月1日～\新しいゲーム\release\xinput.obj
c:\users\oc\desktop\翼のgit\job_hunting\2022年6月1日～\新しいゲーム\release\vc140.pdb
