c:\users\oc\desktop\翼のgit\job_hunting\2022年4月11日～\bombercleaner\debug\vc140.pdb
c:\users\oc\desktop\翼のgit\job_hunting\2022年4月11日～\bombercleaner\debug\vc140.idb
c:\users\oc\desktop\翼のgit\job_hunting\2022年4月11日～\bombercleaner\debug\meshfield.obj
c:\users\oc\desktop\翼のgit\job_hunting\2022年4月11日～\bombercleaner\debug\meshsphere.obj
c:\users\oc\desktop\翼のgit\job_hunting\2022年4月11日～\bombercleaner\debug\model.obj
c:\users\oc\desktop\翼のgit\job_hunting\2022年4月11日～\bombercleaner\debug\model_spawner.obj
c:\users\oc\desktop\翼のgit\job_hunting\2022年4月11日～\bombercleaner\debug\number.obj
c:\users\oc\desktop\翼のgit\job_hunting\2022年4月11日～\bombercleaner\debug\playdata.obj
c:\users\oc\desktop\翼のgit\job_hunting\2022年4月11日～\bombercleaner\debug\player.obj
c:\users\oc\desktop\翼のgit\job_hunting\2022年4月11日～\bombercleaner\debug\ranking.obj
c:\users\oc\desktop\翼のgit\job_hunting\2022年4月11日～\bombercleaner\debug\renderer.obj
c:\users\oc\desktop\翼のgit\job_hunting\2022年4月11日～\bombercleaner\debug\result.obj
c:\users\oc\desktop\翼のgit\job_hunting\2022年4月11日～\bombercleaner\debug\scene.obj
c:\users\oc\desktop\翼のgit\job_hunting\2022年4月11日～\bombercleaner\debug\scene2d.obj
c:\users\oc\desktop\翼のgit\job_hunting\2022年4月11日～\bombercleaner\debug\scene3d.obj
c:\users\oc\desktop\翼のgit\job_hunting\2022年4月11日～\bombercleaner\debug\score.obj
c:\users\oc\desktop\翼のgit\job_hunting\2022年4月11日～\bombercleaner\debug\stage.obj
c:\users\oc\desktop\翼のgit\job_hunting\2022年4月11日～\bombercleaner\debug\texture.obj
c:\users\oc\desktop\翼のgit\job_hunting\2022年4月11日～\bombercleaner\debug\timercount.obj
c:\users\oc\desktop\翼のgit\job_hunting\2022年4月11日～\bombercleaner\debug\title.obj
c:\users\oc\desktop\翼のgit\job_hunting\2022年4月11日～\bombercleaner\debug\ui.obj
c:\users\oc\desktop\翼のgit\job_hunting\2022年4月11日～\bombercleaner\debug\xinput.obj
c:\users\oc\desktop\翼のgit\job_hunting\2022年4月11日～\bombercleaner\debug\control_rise.obj
c:\users\oc\desktop\翼のgit\job_hunting\2022年4月11日～\bombercleaner\debug\control_throw.obj
c:\users\oc\desktop\翼のgit\job_hunting\2022年4月11日～\bombercleaner\debug\control_zoom.obj
c:\users\oc\desktop\翼のgit\job_hunting\2022年4月11日～\bombercleaner\debug\directinput.obj
c:\users\oc\desktop\翼のgit\job_hunting\2022年4月11日～\bombercleaner\debug\effect.obj
c:\users\oc\desktop\翼のgit\job_hunting\2022年4月11日～\bombercleaner\debug\fade.obj
c:\users\oc\desktop\翼のgit\job_hunting\2022年4月11日～\bombercleaner\debug\field.obj
c:\users\oc\desktop\翼のgit\job_hunting\2022年4月11日～\bombercleaner\debug\game.obj
c:\users\oc\desktop\翼のgit\job_hunting\2022年4月11日～\bombercleaner\debug\effect_blast.obj
c:\users\oc\desktop\翼のgit\job_hunting\2022年4月11日～\bombercleaner\debug\pause.obj
c:\users\oc\desktop\翼のgit\job_hunting\2022年4月11日～\bombercleaner\debug\shadow.obj
c:\users\oc\desktop\翼のgit\job_hunting\2022年4月11日～\bombercleaner\debug\target.obj
c:\users\oc\desktop\翼のgit\job_hunting\2022年4月11日～\bombercleaner\debug\input.obj
c:\users\oc\desktop\翼のgit\job_hunting\2022年4月11日～\bombercleaner\debug\keyboard.obj
c:\users\oc\desktop\翼のgit\job_hunting\2022年4月11日～\bombercleaner\debug\light.obj
c:\users\oc\desktop\翼のgit\job_hunting\2022年4月11日～\bombercleaner\debug\loadx.obj
c:\users\oc\desktop\翼のgit\job_hunting\2022年4月11日～\bombercleaner\debug\main.obj
c:\users\oc\desktop\翼のgit\job_hunting\2022年4月11日～\bombercleaner\debug\manager.obj
c:\users\oc\desktop\翼のgit\job_hunting\2022年4月11日～\bombercleaner\debug\mesh.obj
c:\users\oc\desktop\翼のgit\job_hunting\2022年4月11日～\bombercleaner\debug\meshcylinder.obj
c:\users\oc\desktop\翼のgit\job_hunting\2022年4月11日～\bombercleaner\debug\bg.obj
c:\users\oc\desktop\翼のgit\job_hunting\2022年4月11日～\bombercleaner\debug\billboard.obj
c:\users\oc\desktop\翼のgit\job_hunting\2022年4月11日～\bombercleaner\debug\bomb.obj
c:\users\oc\desktop\翼のgit\job_hunting\2022年4月11日～\bombercleaner\debug\bombspawner.obj
c:\users\oc\desktop\翼のgit\job_hunting\2022年4月11日～\bombercleaner\debug\camera.obj
c:\users\oc\desktop\翼のgit\job_hunting\2022年4月11日～\bombercleaner\debug\control.obj
c:\users\oc\desktop\翼のgit\job_hunting\2022年4月11日～\bombercleaner\debug\control_blink.obj
c:\users\oc\desktop\翼のgit\job_hunting\2022年4月11日～\bombercleaner\debug\control_spread.obj
c:\users\oc\desktop\翼のgit\job_hunting\2022年4月11日～\bombercleaner\debug\control_fade.obj
c:\users\oc\desktop\翼のgit\job_hunting\2022年4月11日～\bombercleaner\debug\texturefont.obj
c:\users\oc\desktop\翼のgit\job_hunting\2022年6月1日～\bombercleaner\debug\vc140.pdb
c:\users\oc\desktop\翼のgit\job_hunting\2022年6月1日～\bombercleaner\debug\vc140.idb
c:\users\oc\desktop\翼のgit\job_hunting\2022年6月1日～\bombercleaner\debug\meshsphere.obj
c:\users\oc\desktop\翼のgit\job_hunting\2022年6月1日～\bombercleaner\debug\model.obj
c:\users\oc\desktop\翼のgit\job_hunting\2022年6月1日～\bombercleaner\debug\model_spawner.obj
c:\users\oc\desktop\翼のgit\job_hunting\2022年6月1日～\bombercleaner\debug\number.obj
c:\users\oc\desktop\翼のgit\job_hunting\2022年6月1日～\bombercleaner\debug\playdata.obj
c:\users\oc\desktop\翼のgit\job_hunting\2022年6月1日～\bombercleaner\debug\player.obj
c:\users\oc\desktop\翼のgit\job_hunting\2022年6月1日～\bombercleaner\debug\ranking.obj
c:\users\oc\desktop\翼のgit\job_hunting\2022年6月1日～\bombercleaner\debug\renderer.obj
c:\users\oc\desktop\翼のgit\job_hunting\2022年6月1日～\bombercleaner\debug\result.obj
c:\users\oc\desktop\翼のgit\job_hunting\2022年6月1日～\bombercleaner\debug\scene.obj
c:\users\oc\desktop\翼のgit\job_hunting\2022年6月1日～\bombercleaner\debug\scene2d.obj
c:\users\oc\desktop\翼のgit\job_hunting\2022年6月1日～\bombercleaner\debug\scene3d.obj
c:\users\oc\desktop\翼のgit\job_hunting\2022年6月1日～\bombercleaner\debug\score.obj
c:\users\oc\desktop\翼のgit\job_hunting\2022年6月1日～\bombercleaner\debug\stage.obj
c:\users\oc\desktop\翼のgit\job_hunting\2022年6月1日～\bombercleaner\debug\texture.obj
c:\users\oc\desktop\翼のgit\job_hunting\2022年6月1日～\bombercleaner\debug\texturefont.obj
c:\users\oc\desktop\翼のgit\job_hunting\2022年6月1日～\bombercleaner\debug\timercount.obj
c:\users\oc\desktop\翼のgit\job_hunting\2022年6月1日～\bombercleaner\debug\title.obj
c:\users\oc\desktop\翼のgit\job_hunting\2022年6月1日～\bombercleaner\debug\ui.obj
c:\users\oc\desktop\翼のgit\job_hunting\2022年6月1日～\bombercleaner\debug\xinput.obj
c:\users\oc\desktop\翼のgit\job_hunting\2022年6月1日～\bombercleaner\debug\control_throw.obj
c:\users\oc\desktop\翼のgit\job_hunting\2022年6月1日～\bombercleaner\debug\control_zoom.obj
c:\users\oc\desktop\翼のgit\job_hunting\2022年6月1日～\bombercleaner\debug\directinput.obj
c:\users\oc\desktop\翼のgit\job_hunting\2022年6月1日～\bombercleaner\debug\effect.obj
c:\users\oc\desktop\翼のgit\job_hunting\2022年6月1日～\bombercleaner\debug\fade.obj
c:\users\oc\desktop\翼のgit\job_hunting\2022年6月1日～\bombercleaner\debug\field.obj
c:\users\oc\desktop\翼のgit\job_hunting\2022年6月1日～\bombercleaner\debug\game.obj
c:\users\oc\desktop\翼のgit\job_hunting\2022年6月1日～\bombercleaner\debug\effect_blast.obj
c:\users\oc\desktop\翼のgit\job_hunting\2022年6月1日～\bombercleaner\debug\pause.obj
c:\users\oc\desktop\翼のgit\job_hunting\2022年6月1日～\bombercleaner\debug\shadow.obj
c:\users\oc\desktop\翼のgit\job_hunting\2022年6月1日～\bombercleaner\debug\target.obj
c:\users\oc\desktop\翼のgit\job_hunting\2022年6月1日～\bombercleaner\debug\input.obj
c:\users\oc\desktop\翼のgit\job_hunting\2022年6月1日～\bombercleaner\debug\keyboard.obj
c:\users\oc\desktop\翼のgit\job_hunting\2022年6月1日～\bombercleaner\debug\light.obj
c:\users\oc\desktop\翼のgit\job_hunting\2022年6月1日～\bombercleaner\debug\loadx.obj
c:\users\oc\desktop\翼のgit\job_hunting\2022年6月1日～\bombercleaner\debug\main.obj
c:\users\oc\desktop\翼のgit\job_hunting\2022年6月1日～\bombercleaner\debug\manager.obj
c:\users\oc\desktop\翼のgit\job_hunting\2022年6月1日～\bombercleaner\debug\mesh.obj
c:\users\oc\desktop\翼のgit\job_hunting\2022年6月1日～\bombercleaner\debug\meshcylinder.obj
c:\users\oc\desktop\翼のgit\job_hunting\2022年6月1日～\bombercleaner\debug\meshfield.obj
c:\users\oc\desktop\翼のgit\job_hunting\2022年6月1日～\bombercleaner\debug\bg.obj
c:\users\oc\desktop\翼のgit\job_hunting\2022年6月1日～\bombercleaner\debug\billboard.obj
c:\users\oc\desktop\翼のgit\job_hunting\2022年6月1日～\bombercleaner\debug\bomb.obj
c:\users\oc\desktop\翼のgit\job_hunting\2022年6月1日～\bombercleaner\debug\bombspawner.obj
c:\users\oc\desktop\翼のgit\job_hunting\2022年6月1日～\bombercleaner\debug\camera.obj
c:\users\oc\desktop\翼のgit\job_hunting\2022年6月1日～\bombercleaner\debug\control.obj
c:\users\oc\desktop\翼のgit\job_hunting\2022年6月1日～\bombercleaner\debug\control_blink.obj
c:\users\oc\desktop\翼のgit\job_hunting\2022年6月1日～\bombercleaner\debug\control_spread.obj
c:\users\oc\desktop\翼のgit\job_hunting\2022年6月1日～\bombercleaner\debug\control_fade.obj
c:\users\oc\desktop\翼のgit\job_hunting\2022年6月1日～\bombercleaner\debug\control_rise.obj
c:\users\oc\desktop\翼のgit\job_hunting\2022年4月11日～\bombercleaner\debug\bombercleaner.ilk
c:\users\oc\desktop\翼のgit\job_hunting\2022年4月11日～\bombercleaner\debug\bombercleaner.exe
c:\users\oc\desktop\翼のgit\job_hunting\2022年4月11日～\bombercleaner\debug\bombercleaner.pdb
c:\users\oc\desktop\翼のgit\job_hunting\2022年6月1日～\bombercleaner\debug\bombercleaner.ilk
c:\users\oc\desktop\翼のgit\job_hunting\2022年6月1日～\bombercleaner\debug\bombercleaner.exe
c:\users\oc\desktop\翼のgit\job_hunting\2022年6月1日～\bombercleaner\debug\bombercleaner.pdb
c:\users\oc\desktop\翼のgit\job_hunting\2022年6月1日～\bombercleaner\debug\player.obj.enc
c:\users\oc\desktop\翼のgit\job_hunting\2022年6月1日～\bombercleaner\debug\bombercleaner.tlog\cl.command.1.tlog
c:\users\oc\desktop\翼のgit\job_hunting\2022年6月1日～\bombercleaner\debug\bombercleaner.tlog\cl.read.1.tlog
c:\users\oc\desktop\翼のgit\job_hunting\2022年6月1日～\bombercleaner\debug\bombercleaner.tlog\cl.write.1.tlog
c:\users\oc\desktop\翼のgit\job_hunting\2022年6月1日～\bombercleaner\debug\bombercleaner.tlog\link.command.1.tlog
c:\users\oc\desktop\翼のgit\job_hunting\2022年6月1日～\bombercleaner\debug\bombercleaner.tlog\link.read.1.tlog
c:\users\oc\desktop\翼のgit\job_hunting\2022年6月1日～\bombercleaner\debug\bombercleaner.tlog\link.write.1.tlog
