c:\users\oc\desktop\翼のgit\job_hunting\2022年6月1日～\新しいゲーム\debug\vc140.pdb
c:\users\oc\desktop\翼のgit\job_hunting\2022年6月1日～\新しいゲーム\debug\vc140.idb
c:\users\oc\desktop\翼のgit\job_hunting\2022年6月1日～\新しいゲーム\debug\meshsphere.obj
c:\users\oc\desktop\翼のgit\job_hunting\2022年6月1日～\新しいゲーム\debug\model.obj
c:\users\oc\desktop\翼のgit\job_hunting\2022年6月1日～\新しいゲーム\debug\model_spawner.obj
c:\users\oc\desktop\翼のgit\job_hunting\2022年6月1日～\新しいゲーム\debug\number.obj
c:\users\oc\desktop\翼のgit\job_hunting\2022年6月1日～\新しいゲーム\debug\playdata.obj
c:\users\oc\desktop\翼のgit\job_hunting\2022年6月1日～\新しいゲーム\debug\player.obj
c:\users\oc\desktop\翼のgit\job_hunting\2022年6月1日～\新しいゲーム\debug\ranking.obj
c:\users\oc\desktop\翼のgit\job_hunting\2022年6月1日～\新しいゲーム\debug\renderer.obj
c:\users\oc\desktop\翼のgit\job_hunting\2022年6月1日～\新しいゲーム\debug\result.obj
c:\users\oc\desktop\翼のgit\job_hunting\2022年6月1日～\新しいゲーム\debug\scene.obj
c:\users\oc\desktop\翼のgit\job_hunting\2022年6月1日～\新しいゲーム\debug\scene2d.obj
c:\users\oc\desktop\翼のgit\job_hunting\2022年6月1日～\新しいゲーム\debug\scene3d.obj
c:\users\oc\desktop\翼のgit\job_hunting\2022年6月1日～\新しいゲーム\debug\score.obj
c:\users\oc\desktop\翼のgit\job_hunting\2022年6月1日～\新しいゲーム\debug\stage.obj
c:\users\oc\desktop\翼のgit\job_hunting\2022年6月1日～\新しいゲーム\debug\texture.obj
c:\users\oc\desktop\翼のgit\job_hunting\2022年6月1日～\新しいゲーム\debug\texturefont.obj
c:\users\oc\desktop\翼のgit\job_hunting\2022年6月1日～\新しいゲーム\debug\timercount.obj
c:\users\oc\desktop\翼のgit\job_hunting\2022年6月1日～\新しいゲーム\debug\title.obj
c:\users\oc\desktop\翼のgit\job_hunting\2022年6月1日～\新しいゲーム\debug\ui.obj
c:\users\oc\desktop\翼のgit\job_hunting\2022年6月1日～\新しいゲーム\debug\xinput.obj
c:\users\oc\desktop\翼のgit\job_hunting\2022年6月1日～\新しいゲーム\debug\field.obj
c:\users\oc\desktop\翼のgit\job_hunting\2022年6月1日～\新しいゲーム\debug\game.obj
c:\users\oc\desktop\翼のgit\job_hunting\2022年6月1日～\新しいゲーム\debug\effect_blast.obj
c:\users\oc\desktop\翼のgit\job_hunting\2022年6月1日～\新しいゲーム\debug\goal.obj
c:\users\oc\desktop\翼のgit\job_hunting\2022年6月1日～\新しいゲーム\debug\mouse.obj
c:\users\oc\desktop\翼のgit\job_hunting\2022年6月1日～\新しいゲーム\debug\obstacle.obj
c:\users\oc\desktop\翼のgit\job_hunting\2022年6月1日～\新しいゲーム\debug\pause.obj
c:\users\oc\desktop\翼のgit\job_hunting\2022年6月1日～\新しいゲーム\debug\remaincount.obj
c:\users\oc\desktop\翼のgit\job_hunting\2022年6月1日～\新しいゲーム\debug\saveload.obj
c:\users\oc\desktop\翼のgit\job_hunting\2022年6月1日～\新しいゲーム\debug\shadow.obj
c:\users\oc\desktop\翼のgit\job_hunting\2022年6月1日～\新しいゲーム\debug\stringmanager.obj
c:\users\oc\desktop\翼のgit\job_hunting\2022年6月1日～\新しいゲーム\debug\input.obj
c:\users\oc\desktop\翼のgit\job_hunting\2022年6月1日～\新しいゲーム\debug\keyboard.obj
c:\users\oc\desktop\翼のgit\job_hunting\2022年6月1日～\新しいゲーム\debug\light.obj
c:\users\oc\desktop\翼のgit\job_hunting\2022年6月1日～\新しいゲーム\debug\loadx.obj
c:\users\oc\desktop\翼のgit\job_hunting\2022年6月1日～\新しいゲーム\debug\main.obj
c:\users\oc\desktop\翼のgit\job_hunting\2022年6月1日～\新しいゲーム\debug\manager.obj
c:\users\oc\desktop\翼のgit\job_hunting\2022年6月1日～\新しいゲーム\debug\mesh.obj
c:\users\oc\desktop\翼のgit\job_hunting\2022年6月1日～\新しいゲーム\debug\meshcylinder.obj
c:\users\oc\desktop\翼のgit\job_hunting\2022年6月1日～\新しいゲーム\debug\meshfield.obj
c:\users\oc\desktop\翼のgit\job_hunting\2022年6月1日～\新しいゲーム\debug\bg.obj
c:\users\oc\desktop\翼のgit\job_hunting\2022年6月1日～\新しいゲーム\debug\billboard.obj
c:\users\oc\desktop\翼のgit\job_hunting\2022年6月1日～\新しいゲーム\debug\camera.obj
c:\users\oc\desktop\翼のgit\job_hunting\2022年6月1日～\新しいゲーム\debug\cleargauge.obj
c:\users\oc\desktop\翼のgit\job_hunting\2022年6月1日～\新しいゲーム\debug\control.obj
c:\users\oc\desktop\翼のgit\job_hunting\2022年6月1日～\新しいゲーム\debug\control_blink.obj
c:\users\oc\desktop\翼のgit\job_hunting\2022年6月1日～\新しいゲーム\debug\control_spread.obj
c:\users\oc\desktop\翼のgit\job_hunting\2022年6月1日～\新しいゲーム\debug\control_fade.obj
c:\users\oc\desktop\翼のgit\job_hunting\2022年6月1日～\新しいゲーム\debug\control_rise.obj
c:\users\oc\desktop\翼のgit\job_hunting\2022年6月1日～\新しいゲーム\debug\control_throw.obj
c:\users\oc\desktop\翼のgit\job_hunting\2022年6月1日～\新しいゲーム\debug\control_zoom.obj
c:\users\oc\desktop\翼のgit\job_hunting\2022年6月1日～\新しいゲーム\debug\directinput.obj
c:\users\oc\desktop\翼のgit\job_hunting\2022年6月1日～\新しいゲーム\debug\effect.obj
c:\users\oc\desktop\翼のgit\job_hunting\2022年6月1日～\新しいゲーム\debug\fade.obj
c:\users\oc\desktop\翼のgit\job_hunting\2022年6月1日～\新しいゲーム\debug\dash.ilk
c:\users\oc\desktop\翼のgit\job_hunting\2022年6月1日～\新しいゲーム\debug\dash.exe
c:\users\oc\desktop\翼のgit\job_hunting\2022年6月1日～\新しいゲーム\debug\dash.pdb
c:\users\oc\desktop\翼のgit\job_hunting\2022年6月1日～\新しいゲーム\debug\dash.tlog\cl.command.1.tlog
c:\users\oc\desktop\翼のgit\job_hunting\2022年6月1日～\新しいゲーム\debug\dash.tlog\cl.read.1.tlog
c:\users\oc\desktop\翼のgit\job_hunting\2022年6月1日～\新しいゲーム\debug\dash.tlog\cl.write.1.tlog
c:\users\oc\desktop\翼のgit\job_hunting\2022年6月1日～\新しいゲーム\debug\dash.tlog\link.command.1.tlog
c:\users\oc\desktop\翼のgit\job_hunting\2022年6月1日～\新しいゲーム\debug\dash.tlog\link.read.1.tlog
c:\users\oc\desktop\翼のgit\job_hunting\2022年6月1日～\新しいゲーム\debug\dash.tlog\link.write.1.tlog
