  XInput.cpp
c:\users\oc\desktop\翼のgit\job_hunting\2022年6月1日～\新しいゲーム\xinput.cpp(58): warning C4800: 'int': ブール値を 'true' または 'false' に強制的に設定します (警告の処理)
  Ui.cpp
  title.cpp
  timercount.cpp
  TextureFont.cpp
  texture.cpp
  stage.cpp
  score.cpp
  Scene3D.cpp
  scene2D.cpp
  scene.cpp
  result.cpp
  renderer.cpp
  ranking.cpp
  player.cpp
  playdata.cpp
  number.cpp
  model_spawner.cpp
  model.cpp
  meshsphere.cpp
  コードを生成中...
  コンパイル中...
  meshfield.cpp
  meshcylinder.cpp
  mesh.cpp
  manager.cpp
  main.cpp
  LoadX.cpp
  light.cpp
  keyboard.cpp
  input.cpp
  StringManager.cpp
  shadow.cpp
  SaveLoad.cpp
  RemainCount.cpp
  pause.cpp
  Obstacle.cpp
  mouse.cpp
  Goal.cpp
  effect_blast.cpp
  game.cpp
  field.cpp
  コードを生成中...
  コンパイル中...
  fade.cpp
  effect.cpp
  DirectInput.cpp
  control_zoom.cpp
  control_throw.cpp
  control_rise.cpp
  control_fade.cpp
  control_spread.cpp
  control_blink.cpp
  control.cpp
  ClearGauge.cpp
  camera.cpp
  billboard.cpp
  bg.cpp
  コードを生成中...
  Dash.vcxproj -> C:\Users\OC\Desktop\翼のgit\Job_Hunting\2022年6月1日～\新しいゲーム\Debug\Dash.exe
  Dash.vcxproj -> C:\Users\OC\Desktop\翼のgit\Job_Hunting\2022年6月1日～\新しいゲーム\Debug\Dash.pdb (Full PDB)
