  Bomb.cpp
  BombSpawner.cpp
  DirectInput.cpp
  LoadX.cpp
  Scene3D.cpp
  Target.cpp
  Ui.cpp
  XInput.cpp
XInput.cpp(58): warning C4800: 'int': ブール値を 'true' または 'false' に強制的に設定します (警告の処理)
  bg.cpp
  billboard.cpp
  camera.cpp
  control.cpp
  control_blink.cpp
  control_fade.cpp
  control_rise.cpp
  control_spread.cpp
  control_throw.cpp
  control_zoom.cpp
  effect.cpp
  effect_blast.cpp
  コンパイル中...
  fade.cpp
  field.cpp
  game.cpp
  input.cpp
  keyboard.cpp
  light.cpp
  main.cpp
  manager.cpp
  meshcylinder.cpp
  meshfield.cpp
  meshsphere.cpp
  model.cpp
  model_spawner.cpp
  number.cpp
  pause.cpp
  playdata.cpp
  player.cpp
  ranking.cpp
  renderer.cpp
  result.cpp
  コンパイル中...
  scene.cpp
  scene2D.cpp
  score.cpp
  shadow.cpp
  stage.cpp
  texture.cpp
  timercount.cpp
  title.cpp
  コード生成しています。
  87 of 1196 functions ( 7.3%) were compiled, the rest were copied from previous compilation.
    0 functions were new in current compilation
    11 functions had inline decision re-evaluated but remain unchanged
  コード生成が終了しました。
  BomberCleaner.vcxproj -> C:\Users\OC\Desktop\翼のgit\Job_Hunting\2022年4月11日～\BomberCleaner\Release\BomberCleaner.exe
  BomberCleaner.vcxproj -> C:\Users\OC\Desktop\翼のgit\Job_Hunting\2022年4月11日～\BomberCleaner\Release\BomberCleaner.pdb (Full PDB)
